ERROR	2021/11/04 01:28:13 Ошибка подключения к БДsql: unknown driver "postgres" (forgotten import?)
ERROR	2021/11/04 01:29:10 Ошибка подключения к БДdial tcp [::1]:5432: connect: connection refused
ERROR	2021/11/04 14:21:29 Ошибка подключения к БДdial tcp [::1]:5432: connect: connection refused
ERROR	2021/11/04 21:11:41 Ошибка подключения к БДdial tcp [::1]:5432: connect: connection refused
ERROR	2021/11/05 03:03:43 Ошибка подключения к БДdial tcp [::1]:5432: connect: connection refused
ERROR	2021/11/05 14:40:52 Ошибка подключения к БДdial tcp [::1]:5432: connect: connection refused
ERROR	2021/11/05 21:22:44 Миграции базы данных:../../../db/migrations directory does not exist
ERROR	2021/11/05 21:39:27 Миграции базы данных:pq: база данных "yav" не существует
ERROR	2021/11/05 22:21:29 Ошибка подключения к БДdial tcp [::1]:5432: connect: connection refused
ERROR	2021/11/05 22:59:10 Миграции базы данных:sql: unknown driver "postgres" (forgotten import?)
ERROR	2021/11/05 23:16:29 Ошибка подключения к БДdial tcp: lookup postgres: no such host
ERROR	2021/11/06 02:10:55 Ошибка подключения к БДdial tcp: lookup postgres: no such host
ERROR	2021/11/06 02:11:37 Ошибка подключения к БДdial tcp: lookup postgres: no such host
ERROR	2021/11/06 02:14:53 Ошибка подключения к БДdial tcp: lookup postgres: no such host
ERROR	2021/11/06 02:22:10 Ошибка подключения к БДdial tcp: lookup postgres: no such host
ERROR	2021/11/06 02:22:47 Ошибка подключения к БДdial tcp: lookup postgres: no such host
ERROR	2021/11/06 02:24:04 Ошибка подключения к БДdial tcp: lookup postgres: no such host
ERROR	2021/11/06 02:24:25 Ошибка подключения к БДdial tcp: lookup postgres: no such host
ERROR	2021/11/06 02:25:13 Ошибка подключения к БДdial tcp: lookup postgres: no such host
ERROR	2021/11/06 02:28:50 Ошибка подключения к БДdial tcp: lookup postgres: no such host
ERROR	2021/11/06 02:29:54 Ошибка подключения к БДdial tcp: lookup postgres: no such host
ERROR	2021/11/06 02:39:39 Ошибка подключения к БДdial tcp: lookup postgres: no such host
ERROR	2021/11/06 02:40:21 Ошибка подключения к БДdial tcp: lookup postgres: no such host
ERROR	2021/11/06 02:45:05 Ошибка подключения к БДdial tcp: lookup postgres: no such host
ERROR	2021/11/06 02:45:41 Ошибка подключения к БДdial tcp: lookup postgres: no such host
ERROR	2021/11/06 02:46:29 Ошибка подключения к БДdial tcp: lookup postgres: no such host
ERROR	2021/11/06 02:56:01 Миграции базы данных:/home/kseikseich/Go/github.com/AlehaWP/yaDiploma.git/cmd/gophermart../../db/migrations directory does not exist
ERROR	2021/11/06 02:58:40 Миграции базы данных:/home/kseikseich/Go/github.com/AlehaWP/yaDiploma.git/cmd/gophermart../../db/migrations directory does not exist
ERROR	2021/11/06 03:28:46 Ошибка создания таблицpq: ошибка синтаксиса (примерное положение: "NUL")
