INFO	2021/11/04 01:28:13 Старт сервера
INFO	2021/11/04 01:28:13 Создан config
INFO	2021/11/04 01:28:13 ERROR
INFO	2021/11/04 01:28:13 Ошибка подключения к БД sql: unknown driver "postgres" (forgotten import?)
INFO	2021/11/04 01:29:10 Старт сервера
INFO	2021/11/04 01:29:10 Создан config
INFO	2021/11/04 01:29:10 ERROR
INFO	2021/11/04 01:29:10 Ошибка подключения к БД dial tcp [::1]:5432: connect: connection refused
INFO	2021/11/04 01:31:09 Старт сервера
INFO	2021/11/04 01:31:09 Создан config
INFO	2021/11/04 01:33:00 Старт сервера
INFO	2021/11/04 01:33:00 Создан config
INFO	2021/11/04 01:47:47 Старт сервера
INFO	2021/11/04 01:47:47 Создан config
INFO	2021/11/04 01:51:09 Старт сервера
INFO	2021/11/04 01:51:09 Создан config
INFO	2021/11/04 01:51:16 Старт сервера
INFO	2021/11/04 01:51:16 Создан config
INFO	2021/11/04 02:02:23 Старт сервера
INFO	2021/11/04 02:02:23 Создан config
INFO	2021/11/04 02:02:23 Старт сервера по адресу localhost:8080
INFO	2021/11/04 02:04:01 Старт сервера
INFO	2021/11/04 02:04:01 Создан config
INFO	2021/11/04 02:04:01 Старт сервера по адресу localhost:8080
INFO	2021/11/04 02:04:59 Старт сервера
INFO	2021/11/04 02:04:59 Создан config
INFO	2021/11/04 02:04:59 Старт сервера по адресу localhost:8080
INFO	2021/11/04 02:07:05 Старт сервера
INFO	2021/11/04 02:07:05 Создан config
INFO	2021/11/04 02:07:05 Старт сервера по адресу localhost:8080
INFO	2021/11/04 02:07:11 Старт сервера
INFO	2021/11/04 02:07:11 Создан config
INFO	2021/11/04 02:07:11 Старт сервера по адресу localhost:8080
INFO	2021/11/04 02:09:47 Старт сервера
INFO	2021/11/04 02:09:47 Создан config
INFO	2021/11/04 02:09:47 Старт сервера по адресу localhost:8080
INFO	2021/11/04 02:09:53 Обработка запроса регистрации
INFO	2021/11/04 02:16:15 Обработка запроса регистрации
INFO	2021/11/04 02:16:30 Обработка запроса регистрации
INFO	2021/11/04 02:16:35 Обработка запроса регистрации
INFO	2021/11/04 02:24:32 Старт сервера
INFO	2021/11/04 02:24:32 Создан config
INFO	2021/11/04 02:24:32 Старт сервера по адресу localhost:8080
INFO	2021/11/04 02:24:40 Обработка запроса регистрации
INFO	2021/11/04 02:24:40 sql: Scan error on column index 0, name "id": destination not a pointer
INFO	2021/11/04 02:24:40 500
INFO	2021/11/04 02:26:17 Старт сервера
INFO	2021/11/04 02:26:17 Создан config
INFO	2021/11/04 02:26:17 Старт сервера по адресу localhost:8080
INFO	2021/11/04 02:26:26 Обработка запроса регистрации
INFO	2021/11/04 02:26:26 409
INFO	2021/11/04 02:27:44 Обработка запроса регистрации
INFO	2021/11/04 02:27:44 409
INFO	2021/11/04 02:27:44 Обработка запроса регистрации
INFO	2021/11/04 02:27:44 sql: no rows in result set
INFO	2021/11/04 02:28:14 Обработка запроса регистрации
INFO	2021/11/04 02:28:14 409
INFO	2021/11/04 02:28:14 Обработка запроса регистрации
INFO	2021/11/04 02:28:14 409
INFO	2021/11/04 02:31:36 Старт сервера
INFO	2021/11/04 02:31:36 Создан config
INFO	2021/11/04 02:32:02 Старт сервера
INFO	2021/11/04 02:32:02 Создан config
INFO	2021/11/04 02:32:02 Старт сервера по адресу localhost:8080
INFO	2021/11/04 02:32:09 Обработка запроса регистрации
INFO	2021/11/04 02:32:09 409
INFO	2021/11/04 02:32:09 Обработка запроса регистрации
INFO	2021/11/04 02:32:09 409
INFO	2021/11/04 02:49:15 Старт сервера
INFO	2021/11/04 02:49:15 Создан config
INFO	2021/11/04 02:49:15 Старт сервера по адресу localhost:8080
INFO	2021/11/04 02:51:37 Обработка запроса регистрации
INFO	2021/11/04 02:51:37 409
INFO	2021/11/04 02:51:37 Обработка запроса регистрации
INFO	2021/11/04 02:51:37 409
INFO	2021/11/04 02:51:37 Обработка запроса входа
INFO	2021/11/04 02:51:37 200
INFO	2021/11/04 02:51:37 Обработка запроса входа
INFO	2021/11/04 02:51:37 200
INFO	2021/11/04 02:55:58 Старт сервера
INFO	2021/11/04 02:55:58 Создан config
INFO	2021/11/04 02:55:58 Старт сервера по адресу localhost:8080
INFO	2021/11/04 14:21:29 Старт сервера
INFO	2021/11/04 14:21:29 Создан config
INFO	2021/11/04 14:21:29 ERROR
INFO	2021/11/04 14:21:29 Ошибка подключения к БД dial tcp [::1]:5432: connect: connection refused
INFO	2021/11/04 14:22:16 Старт сервера
INFO	2021/11/04 14:22:16 Создан config
INFO	2021/11/04 14:22:16 Старт сервера по адресу localhost:8080
INFO	2021/11/04 14:22:25 Обработка запроса регистрации
INFO	2021/11/04 14:22:25 409
INFO	2021/11/04 14:22:25 Обработка запроса регистрации
INFO	2021/11/04 14:22:25 409
INFO	2021/11/04 14:22:25 Обработка запроса входа
INFO	2021/11/04 14:22:25 200
INFO	2021/11/04 14:22:25 Обработка запроса входа
INFO	2021/11/04 14:22:25 200
INFO	2021/11/04 14:24:54 Старт сервера
INFO	2021/11/04 14:24:54 Создан config
INFO	2021/11/04 14:24:54 Старт сервера по адресу localhost:8080
INFO	2021/11/04 14:25:12 Старт сервера
INFO	2021/11/04 14:25:12 Создан config
INFO	2021/11/04 14:25:12 Старт сервера по адресу localhost:8080
INFO	2021/11/04 14:27:36 Старт сервера
INFO	2021/11/04 14:27:36 Создан config
INFO	2021/11/04 14:27:36 Старт сервера по адресу localhost:8080
INFO	2021/11/04 21:11:41 Старт сервера
INFO	2021/11/04 21:11:41 Создан config
INFO	2021/11/04 21:11:41 ERROR
INFO	2021/11/04 21:11:41 Ошибка подключения к БД dial tcp [::1]:5432: connect: connection refused
INFO	2021/11/04 21:12:11 Старт сервера
INFO	2021/11/04 21:12:11 Создан config
INFO	2021/11/04 21:12:11 Старт сервера по адресу localhost:8080
INFO	2021/11/04 21:12:26 Обработка запроса регистрации
INFO	2021/11/04 21:12:26 409
INFO	2021/11/04 21:12:26 Обработка запроса регистрации
INFO	2021/11/04 21:12:26 409
INFO	2021/11/04 21:12:26 Обработка запроса входа
INFO	2021/11/04 21:12:26 200
INFO	2021/11/04 21:12:26 Обработка запроса входа
INFO	2021/11/04 21:12:26 200
INFO	2021/11/04 21:40:46 Обработка запроса регистрации
INFO	2021/11/04 21:40:46 409
INFO	2021/11/04 21:40:46 Обработка запроса регистрации
INFO	2021/11/04 21:40:46 409
INFO	2021/11/04 21:40:46 Обработка запроса регистрации
INFO	2021/11/04 21:40:46 409
INFO	2021/11/04 21:40:46 Обработка запроса регистрации
INFO	2021/11/04 21:40:46 409
INFO	2021/11/04 21:40:46 Обработка запроса входа
INFO	2021/11/04 21:40:46 200
INFO	2021/11/04 21:40:46 Обработка запроса входа
INFO	2021/11/04 21:40:46 200
INFO	2021/11/04 21:40:46 Обработка запроса входа
INFO	2021/11/04 21:40:46 200
INFO	2021/11/04 21:40:46 Обработка запроса входа
INFO	2021/11/04 21:40:46 200
INFO	2021/11/05 03:03:43 Старт сервера
INFO	2021/11/05 03:03:43 Создан config
INFO	2021/11/05 03:03:43 ERROR
INFO	2021/11/05 03:03:43 Ошибка подключения к БД dial tcp [::1]:5432: connect: connection refused
INFO	2021/11/05 03:04:28 Старт сервера
INFO	2021/11/05 03:04:28 Создан config
INFO	2021/11/05 03:04:28 Старт сервера по адресу localhost:8080
INFO	2021/11/05 03:05:05 Обработка запроса регистрации
INFO	2021/11/05 03:05:05 409
INFO	2021/11/05 03:05:05 Обработка запроса регистрации
INFO	2021/11/05 03:05:05 409
INFO	2021/11/05 03:05:05 Обработка запроса регистрации
INFO	2021/11/05 03:05:05 409
INFO	2021/11/05 03:05:05 Обработка запроса регистрации
INFO	2021/11/05 03:05:05 409
INFO	2021/11/05 03:05:05 Обработка запроса входа
INFO	2021/11/05 03:05:05 200
INFO	2021/11/05 03:05:05 Обработка запроса входа
INFO	2021/11/05 03:05:05 200
INFO	2021/11/05 03:05:05 Обработка запроса входа
INFO	2021/11/05 03:05:05 200
INFO	2021/11/05 03:05:05 Обработка запроса входа
INFO	2021/11/05 03:05:05 200
INFO	2021/11/05 03:27:35 Старт сервера
INFO	2021/11/05 03:27:35 Создан config
INFO	2021/11/05 03:27:35 Старт сервера по адресу localhost:8080
INFO	2021/11/05 03:27:49 Обработка запроса регистрации
INFO	2021/11/05 03:27:49 sql: no rows in result set
INFO	2021/11/05 03:27:49 500
INFO	2021/11/05 03:27:49 Обработка запроса регистрации
INFO	2021/11/05 03:27:49 sql: no rows in result set
INFO	2021/11/05 03:27:49 500
INFO	2021/11/05 03:27:49 Обработка запроса регистрации
INFO	2021/11/05 03:27:49 sql: no rows in result set
INFO	2021/11/05 03:27:49 500
INFO	2021/11/05 03:27:49 Обработка запроса регистрации
INFO	2021/11/05 03:27:49 sql: no rows in result set
INFO	2021/11/05 03:27:49 500
INFO	2021/11/05 03:27:49 Обработка запроса входа
INFO	2021/11/05 03:27:49 sql: no rows in result set
INFO	2021/11/05 03:27:49 500
INFO	2021/11/05 03:27:49 Обработка запроса входа
INFO	2021/11/05 03:27:49 sql: no rows in result set
INFO	2021/11/05 03:27:49 500
INFO	2021/11/05 03:27:49 Обработка запроса входа
INFO	2021/11/05 03:27:49 sql: no rows in result set
INFO	2021/11/05 03:27:49 500
INFO	2021/11/05 03:27:49 Обработка запроса входа
INFO	2021/11/05 03:27:49 sql: no rows in result set
INFO	2021/11/05 03:27:49 500
INFO	2021/11/05 03:30:11 Старт сервера
INFO	2021/11/05 03:30:11 Создан config
INFO	2021/11/05 03:30:11 Старт сервера по адресу localhost:8080
INFO	2021/11/05 03:30:15 Обработка запроса регистрации
INFO	2021/11/05 03:30:15 SELECT id, user_name, user_token, user_password FROM users WHERE user_token=$1 OR user_name=$2 sql: no rows in result set
INFO	2021/11/05 03:30:15 500
INFO	2021/11/05 03:30:15 Обработка запроса регистрации
INFO	2021/11/05 03:30:15 SELECT id, user_name, user_token, user_password FROM users WHERE user_token=$1 OR user_name=$2 sql: no rows in result set
INFO	2021/11/05 03:30:15 500
INFO	2021/11/05 03:30:15 Обработка запроса регистрации
INFO	2021/11/05 03:30:15 SELECT id, user_name, user_token, user_password FROM users WHERE user_token=$1 OR user_name=$2 sql: no rows in result set
INFO	2021/11/05 03:30:15 500
INFO	2021/11/05 03:30:15 Обработка запроса регистрации
INFO	2021/11/05 03:30:15 SELECT id, user_name, user_token, user_password FROM users WHERE user_token=$1 OR user_name=$2 sql: no rows in result set
INFO	2021/11/05 03:30:15 500
INFO	2021/11/05 03:30:15 Обработка запроса входа
INFO	2021/11/05 03:30:15 SELECT id, user_name, user_token, user_password FROM users WHERE user_token=$1 OR user_name=$2 sql: no rows in result set
INFO	2021/11/05 03:30:15 500
INFO	2021/11/05 03:30:15 Обработка запроса входа
INFO	2021/11/05 03:30:15 SELECT id, user_name, user_token, user_password FROM users WHERE user_token=$1 OR user_name=$2 sql: no rows in result set
INFO	2021/11/05 03:30:15 500
INFO	2021/11/05 03:30:15 Обработка запроса входа
INFO	2021/11/05 03:30:15 SELECT id, user_name, user_token, user_password FROM users WHERE user_token=$1 OR user_name=$2 sql: no rows in result set
INFO	2021/11/05 03:30:15 500
INFO	2021/11/05 03:30:15 Обработка запроса входа
INFO	2021/11/05 03:30:15 SELECT id, user_name, user_token, user_password FROM users WHERE user_token=$1 OR user_name=$2 sql: no rows in result set
INFO	2021/11/05 03:30:15 500
INFO	2021/11/05 03:36:39 Старт сервера
INFO	2021/11/05 03:36:39 Создан config
INFO	2021/11/05 03:36:39 Старт сервера по адресу localhost:8080
INFO	2021/11/05 03:36:44 Обработка запроса регистрации
INFO	2021/11/05 03:36:44 SELECT COALESCE(id, 0), user_name, user_token, user_password FROM users WHERE user_token=$1 OR user_name=$2 sql: no rows in result set
INFO	2021/11/05 03:36:44 500
INFO	2021/11/05 03:36:44 Обработка запроса регистрации
INFO	2021/11/05 03:36:44 SELECT COALESCE(id, 0), user_name, user_token, user_password FROM users WHERE user_token=$1 OR user_name=$2 sql: no rows in result set
INFO	2021/11/05 03:36:44 500
INFO	2021/11/05 03:36:44 Обработка запроса регистрации
INFO	2021/11/05 03:36:44 SELECT COALESCE(id, 0), user_name, user_token, user_password FROM users WHERE user_token=$1 OR user_name=$2 sql: no rows in result set
INFO	2021/11/05 03:36:44 500
INFO	2021/11/05 03:36:44 Обработка запроса регистрации
INFO	2021/11/05 03:36:44 SELECT COALESCE(id, 0), user_name, user_token, user_password FROM users WHERE user_token=$1 OR user_name=$2 sql: no rows in result set
INFO	2021/11/05 03:36:44 500
INFO	2021/11/05 03:36:44 Обработка запроса входа
INFO	2021/11/05 03:36:44 SELECT COALESCE(id, 0), user_name, user_token, user_password FROM users WHERE user_token=$1 OR user_name=$2 sql: no rows in result set
INFO	2021/11/05 03:36:44 500
INFO	2021/11/05 03:36:44 Обработка запроса входа
INFO	2021/11/05 03:36:44 SELECT COALESCE(id, 0), user_name, user_token, user_password FROM users WHERE user_token=$1 OR user_name=$2 sql: no rows in result set
INFO	2021/11/05 03:36:44 500
INFO	2021/11/05 03:36:44 Обработка запроса входа
INFO	2021/11/05 03:36:44 SELECT COALESCE(id, 0), user_name, user_token, user_password FROM users WHERE user_token=$1 OR user_name=$2 sql: no rows in result set
INFO	2021/11/05 03:36:44 500
INFO	2021/11/05 03:36:44 Обработка запроса входа
INFO	2021/11/05 03:36:44 SELECT COALESCE(id, 0), user_name, user_token, user_password FROM users WHERE user_token=$1 OR user_name=$2 sql: no rows in result set
INFO	2021/11/05 03:36:44 500
INFO	2021/11/05 03:40:33 Старт сервера
INFO	2021/11/05 03:40:33 Создан config
INFO	2021/11/05 03:40:33 Старт сервера по адресу localhost:8080
INFO	2021/11/05 03:40:38 Обработка запроса регистрации
INFO	2021/11/05 03:40:38 500
INFO	2021/11/05 03:40:38 Обработка запроса регистрации
INFO	2021/11/05 03:40:38 500
INFO	2021/11/05 03:40:38 Обработка запроса регистрации
INFO	2021/11/05 03:40:38 500
INFO	2021/11/05 03:40:38 Обработка запроса регистрации
INFO	2021/11/05 03:40:38 500
INFO	2021/11/05 03:40:38 Обработка запроса входа
INFO	2021/11/05 03:40:38 409
INFO	2021/11/05 03:40:38 Обработка запроса входа
INFO	2021/11/05 03:40:38 409
INFO	2021/11/05 03:40:38 Обработка запроса входа
INFO	2021/11/05 03:40:38 409
INFO	2021/11/05 03:40:38 Обработка запроса входа
INFO	2021/11/05 03:40:38 409
INFO	2021/11/05 03:45:56 Старт сервера
INFO	2021/11/05 03:45:56 Создан config
INFO	2021/11/05 03:45:57 Старт сервера по адресу localhost:8080
INFO	2021/11/05 03:46:05 Обработка запроса регистрации
INFO	2021/11/05 03:46:05 INSERT INTO users (user_name, user_password, user_token) VALUES ($1,$2,$3) pq: часовой пояс "RFC3339" не распознан
INFO	2021/11/05 03:46:05 500
INFO	2021/11/05 03:46:05 Обработка запроса регистрации
INFO	2021/11/05 03:46:05 INSERT INTO users (user_name, user_password, user_token) VALUES ($1,$2,$3) pq: часовой пояс "RFC3339" не распознан
INFO	2021/11/05 03:46:05 500
INFO	2021/11/05 03:46:05 Обработка запроса регистрации
INFO	2021/11/05 03:46:05 INSERT INTO users (user_name, user_password, user_token) VALUES ($1,$2,$3) pq: часовой пояс "RFC3339" не распознан
INFO	2021/11/05 03:46:05 500
INFO	2021/11/05 03:46:05 Обработка запроса регистрации
INFO	2021/11/05 03:46:05 INSERT INTO users (user_name, user_password, user_token) VALUES ($1,$2,$3) pq: часовой пояс "RFC3339" не распознан
INFO	2021/11/05 03:46:05 500
INFO	2021/11/05 03:46:05 Обработка запроса входа
INFO	2021/11/05 03:46:05 409
INFO	2021/11/05 03:46:05 Обработка запроса входа
INFO	2021/11/05 03:46:05 409
INFO	2021/11/05 03:46:05 Обработка запроса входа
INFO	2021/11/05 03:46:05 409
INFO	2021/11/05 03:46:05 Обработка запроса входа
INFO	2021/11/05 03:46:05 409
INFO	2021/11/05 03:57:08 Старт сервера
INFO	2021/11/05 03:57:08 Создан config
INFO	2021/11/05 03:57:08 Старт сервера по адресу localhost:8080
INFO	2021/11/05 03:57:15 Обработка запроса регистрации
INFO	2021/11/05 03:57:15 201
INFO	2021/11/05 03:57:15 Обработка запроса регистрации
INFO	2021/11/05 03:57:15 409
INFO	2021/11/05 03:57:15 Обработка запроса регистрации
INFO	2021/11/05 03:57:15 201
INFO	2021/11/05 03:57:15 Обработка запроса регистрации
INFO	2021/11/05 03:57:15 409
INFO	2021/11/05 03:57:15 Обработка запроса входа
INFO	2021/11/05 03:57:15 200
INFO	2021/11/05 03:57:15 Обработка запроса входа
INFO	2021/11/05 03:57:15 200
INFO	2021/11/05 03:57:15 Обработка запроса входа
INFO	2021/11/05 03:57:15 200
INFO	2021/11/05 03:57:15 Обработка запроса входа
INFO	2021/11/05 03:57:15 200
INFO	2021/11/05 03:59:07 Обработка запроса регистрации
INFO	2021/11/05 03:59:07 201
INFO	2021/11/05 03:59:07 Обработка запроса регистрации
INFO	2021/11/05 03:59:07 409
INFO	2021/11/05 03:59:07 Обработка запроса регистрации
INFO	2021/11/05 03:59:07 201
INFO	2021/11/05 03:59:07 Обработка запроса регистрации
INFO	2021/11/05 03:59:07 409
INFO	2021/11/05 03:59:07 Обработка запроса входа
INFO	2021/11/05 03:59:07 200
INFO	2021/11/05 03:59:07 Обработка запроса входа
INFO	2021/11/05 03:59:07 200
INFO	2021/11/05 03:59:07 Обработка запроса входа
INFO	2021/11/05 03:59:07 200
INFO	2021/11/05 03:59:07 Обработка запроса входа
INFO	2021/11/05 03:59:07 200
INFO	2021/11/05 04:09:20 Обработка запроса регистрации
INFO	2021/11/05 04:09:20 201
INFO	2021/11/05 04:09:20 Обработка запроса регистрации
INFO	2021/11/05 04:09:20 409
INFO	2021/11/05 04:09:20 Обработка запроса регистрации
INFO	2021/11/05 04:09:20 201
INFO	2021/11/05 04:09:20 Обработка запроса регистрации
INFO	2021/11/05 04:09:20 409
INFO	2021/11/05 04:09:20 Обработка запроса входа
INFO	2021/11/05 04:09:20 200
INFO	2021/11/05 04:09:20 Обработка запроса входа
INFO	2021/11/05 04:09:20 200
INFO	2021/11/05 04:09:20 Обработка запроса входа
INFO	2021/11/05 04:09:20 200
INFO	2021/11/05 04:09:20 Обработка запроса входа
INFO	2021/11/05 04:09:20 200
