INFO	2021/11/02 23:06:37 Миграции базы данных: Старт
INFO	2021/11/02 23:06:37 Создан config
INFO	2021/11/02 23:06:37 Миграции базы данных: Подключение к БД
INFO	2021/11/02 23:06:37 Миграции базы данных: Применение миграций
INFO	2021/11/02 23:06:37 Миграции базы данных:ERROR 20211102123645_create_customer_table.sql: failed to run SQL migration: failed to execute SQL query "CREATE TABLE IF NOT EXISTS customers (\n        id SERIAL UNIQUE,\n\t\tuser_id NOT NULL PRIMARY KEY,\n        order_id INT,\n        balance NUMERIC,\n\t\tdate_add timestamp);\n": pq: ошибка синтаксиса (примерное положение: "NOT")
INFO	2021/11/02 23:08:33 Миграции базы данных: Старт
INFO	2021/11/02 23:08:33 Создан config
INFO	2021/11/02 23:08:33 Миграции базы данных: Подключение к БД
INFO	2021/11/02 23:08:33 Миграции базы данных: Применение миграций
INFO	2021/11/02 23:08:33 Миграции базы данных:ERROR 20211102123645_create_customer_table.sql: failed to run SQL migration: failed to execute SQL query "CREATE TABLE IF NOT EXISTS customers (\n        id SERIAL UNIQUE,\n\t\tuser_id NOT NULL PRIMARY KEY,\n        order_id INT,\n        balance NUMERIC,\n\t\tdate_add timestamp);\n": pq: ошибка синтаксиса (примерное положение: "NOT")
INFO	2021/11/02 23:09:36 Миграции базы данных: Старт
INFO	2021/11/02 23:09:36 Создан config
INFO	2021/11/02 23:09:36 Миграции базы данных: Подключение к БД
INFO	2021/11/02 23:09:36 Миграции базы данных: Применение миграций
INFO	2021/11/02 23:09:36 Миграции базы данных:ERROR 20211102123645_create_customer_table.sql: failed to run SQL migration: failed to execute SQL query "CREATE TABLE IF NOT EXISTS customers (\n        id SERIAL UNIQUE,\n\t\tuser_id NOT NULL PRIMARY KEY,\n        order_id INT,\n        balance NUMERIC,\n\t\tdate_add timestamp);\n": pq: ошибка синтаксиса (примерное положение: "NOT")
INFO	2021/11/02 23:10:28 Миграции базы данных: Старт
INFO	2021/11/02 23:10:28 Создан config
INFO	2021/11/02 23:10:28 Миграции базы данных: Подключение к БД
INFO	2021/11/02 23:10:28 Миграции базы данных: Применение миграций
INFO	2021/11/02 23:14:10 Миграции базы данных: Старт
INFO	2021/11/02 23:14:10 Создан config
INFO	2021/11/02 23:14:10 Миграции базы данных: Подключение к БД
INFO	2021/11/02 23:14:10 Миграции базы данных: Применение миграций
INFO	2021/11/02 23:14:10 Миграции базы данных: Завершение
INFO	2021/11/05 03:18:01 Миграции базы данных: Старт
INFO	2021/11/05 03:18:01 Создан config
INFO	2021/11/05 03:18:01 Миграции базы данных: Подключение к БД
INFO	2021/11/05 03:18:01 Миграции базы данных: Применение миграций
INFO	2021/11/05 03:18:01 ERROR
INFO	2021/11/05 03:18:01 Миграции базы данных: ERROR 20211101154750_create_users_table.sql: failed to run SQL migration: failed to execute SQL query "CREATE TABLE IF NOT EXISTS users (\n\t\tid SERIAL PRIMARY KEY,\n\t\tuser_name VARCHAR(50) UNIQUE,\n        user_password VARCHAR(36),\n        user_key VARCHAR(36),\n        user_token VARCHAR(36),\n\t\tdate_add TIMESTAMP CURRENT_TIMESTAMP);\n": pq: ошибка синтаксиса (примерное положение: "CURRENT_TIMESTAMP")
INFO	2021/11/05 03:26:51 Миграции базы данных: Старт
INFO	2021/11/05 03:26:51 Создан config
INFO	2021/11/05 03:26:51 Миграции базы данных: Подключение к БД
INFO	2021/11/05 03:26:51 Миграции базы данных: Применение миграций
INFO	2021/11/05 03:26:51 Миграции базы данных: Завершение
INFO	2021/11/05 04:02:12 Миграции базы данных: Старт
INFO	2021/11/05 04:02:12 Создан config
INFO	2021/11/05 04:02:12 Миграции базы данных: Подключение к БД
INFO	2021/11/05 04:02:12 Миграции базы данных: Применение миграций
INFO	2021/11/05 04:02:12 Миграции базы данных: Завершение
INFO	2021/11/05 04:07:26 Миграции базы данных: Старт
INFO	2021/11/05 04:07:26 Создан config
INFO	2021/11/05 04:07:26 Миграции базы данных: Подключение к БД
INFO	2021/11/05 04:07:26 Миграции базы данных: Применение миграций
INFO	2021/11/05 04:07:26 ERROR
INFO	2021/11/05 04:07:26 Миграции базы данных: ERROR 20211101154750_create_tables.sql: failed to run SQL migration: failed to execute SQL query "CREATE TABLE IF NOT EXISTS users (\n\t\tid SERIAL PRIMARY KEY,\n\t\tuser_name VARCHAR(50) UNIQUE,\n        user_password VARCHAR(36),\n        user_key VARCHAR(36),\n        user_token VARCHAR(36),\n\t\tdate_add TIMESTAMPTZ default (NOW() at time zone 'UTC+3'));\nCREATE TABLE IF NOT EXISTS customers (\n        id SERIAL,\n\t\tuser_id INT PRIMARY KEY,\n        balance NUMERIC,\n\t\tdate_add TIMESTAMPTZ default (NOW() at time zone 'UTC+3'));\nCREATE TABLE IF NOT EXISTS orders (\n\t\tid SERIAL PRIMARY KEY,\n\t\tuser_id VARCHAR(36),\n\t\torder_id VARCHAR(50) UNIQUE,\n        accrual NUMERIC,\n        order_status string,\n\t\tdate_add TIMESTAMPTZ default (NOW() at time zone 'UTC+3'));\nCREATE TABLE IF NOT EXISTS balance_log (\n        id SERIAL PRIMARY KEY,\n        user_id INT NOT NULL,\n        order_id VARCHAR(50),\n        summ NUMERIC,\n        date_add TIMESTAMPTZ default (NOW() at time zone 'UTC+3'));\n": pq: тип "string" не существует
INFO	2021/11/05 04:08:53 Миграции базы данных: Старт
INFO	2021/11/05 04:08:53 Создан config
INFO	2021/11/05 04:08:53 Миграции базы данных: Подключение к БД
INFO	2021/11/05 04:08:53 Миграции базы данных: Применение миграций
INFO	2021/11/05 04:08:53 Миграции базы данных: Завершение
