INFO	2021/11/02 23:06:37 Миграции базы данных: Старт
INFO	2021/11/02 23:06:37 Создан config
INFO	2021/11/02 23:06:37 Миграции базы данных: Подключение к БД
INFO	2021/11/02 23:06:37 Миграции базы данных: Применение миграций
INFO	2021/11/02 23:06:37 Миграции базы данных:ERROR 20211102123645_create_customer_table.sql: failed to run SQL migration: failed to execute SQL query "CREATE TABLE IF NOT EXISTS customers (\n        id SERIAL UNIQUE,\n\t\tuser_id NOT NULL PRIMARY KEY,\n        order_id INT,\n        balance NUMERIC,\n\t\tdate_add timestamp);\n": pq: ошибка синтаксиса (примерное положение: "NOT")
INFO	2021/11/02 23:08:33 Миграции базы данных: Старт
INFO	2021/11/02 23:08:33 Создан config
INFO	2021/11/02 23:08:33 Миграции базы данных: Подключение к БД
INFO	2021/11/02 23:08:33 Миграции базы данных: Применение миграций
INFO	2021/11/02 23:08:33 Миграции базы данных:ERROR 20211102123645_create_customer_table.sql: failed to run SQL migration: failed to execute SQL query "CREATE TABLE IF NOT EXISTS customers (\n        id SERIAL UNIQUE,\n\t\tuser_id NOT NULL PRIMARY KEY,\n        order_id INT,\n        balance NUMERIC,\n\t\tdate_add timestamp);\n": pq: ошибка синтаксиса (примерное положение: "NOT")
INFO	2021/11/02 23:09:36 Миграции базы данных: Старт
INFO	2021/11/02 23:09:36 Создан config
INFO	2021/11/02 23:09:36 Миграции базы данных: Подключение к БД
INFO	2021/11/02 23:09:36 Миграции базы данных: Применение миграций
INFO	2021/11/02 23:09:36 Миграции базы данных:ERROR 20211102123645_create_customer_table.sql: failed to run SQL migration: failed to execute SQL query "CREATE TABLE IF NOT EXISTS customers (\n        id SERIAL UNIQUE,\n\t\tuser_id NOT NULL PRIMARY KEY,\n        order_id INT,\n        balance NUMERIC,\n\t\tdate_add timestamp);\n": pq: ошибка синтаксиса (примерное положение: "NOT")
INFO	2021/11/02 23:10:28 Миграции базы данных: Старт
INFO	2021/11/02 23:10:28 Создан config
INFO	2021/11/02 23:10:28 Миграции базы данных: Подключение к БД
INFO	2021/11/02 23:10:28 Миграции базы данных: Применение миграций
INFO	2021/11/02 23:14:10 Миграции базы данных: Старт
INFO	2021/11/02 23:14:10 Создан config
INFO	2021/11/02 23:14:10 Миграции базы данных: Подключение к БД
INFO	2021/11/02 23:14:10 Миграции базы данных: Применение миграций
INFO	2021/11/02 23:14:10 Миграции базы данных: Завершение
